[1013/170207.794:ERROR:directory_reader_win.cc(43)] FindFirstFile: The system cannot find the path specified. (0x3)
[1013/200806.368:ERROR:process_reader_win.cc(155)] SuspendThread: Access is denied. (0x5)
[1013/200806.370:ERROR:process_reader_win.cc(155)] SuspendThread: Access is denied. (0x5)
[1013/200806.373:ERROR:process_reader_win.cc(155)] SuspendThread: Access is denied. (0x5)
[1013/200806.374:ERROR:process_reader_win.cc(155)] SuspendThread: Access is denied. (0x5)
[1013/200806.374:ERROR:process_reader_win.cc(155)] SuspendThread: Access is denied. (0x5)
[1013/200806.374:ERROR:process_reader_win.cc(155)] SuspendThread: Access is denied. (0x5)
[1013/200806.375:ERROR:process_reader_win.cc(155)] SuspendThread: Access is denied. (0x5)
[1013/200806.375:ERROR:process_reader_win.cc(155)] SuspendThread: Access is denied. (0x5)
[1013/200806.375:ERROR:process_reader_win.cc(155)] SuspendThread: Access is denied. (0x5)
[1013/200806.375:ERROR:process_reader_win.cc(155)] SuspendThread: Access is denied. (0x5)
[1013/200806.376:ERROR:process_reader_win.cc(155)] SuspendThread: Access is denied. (0x5)
[1013/200806.376:ERROR:process_reader_win.cc(155)] SuspendThread: Access is denied. (0x5)
[1013/200806.376:ERROR:process_reader_win.cc(155)] SuspendThread: Access is denied. (0x5)
[1013/200806.376:ERROR:process_reader_win.cc(155)] SuspendThread: Access is denied. (0x5)
[1013/200806.377:ERROR:process_reader_win.cc(155)] SuspendThread: Access is denied. (0x5)
[1013/200806.377:ERROR:process_reader_win.cc(127)] NtOpenThread: {Access Denied} A process has requested access to an object, but has not been granted those access rights. (0xc0000022)
[1013/200806.380:ERROR:exception_snapshot_win.cc(100)] thread ID 24460 not found in process
[1014/004638.371:ERROR:directory_reader_win.cc(43)] FindFirstFile: The system cannot find the path specified. (0x3)
[1014/040016.558:ERROR:directory_reader_win.cc(43)] FindFirstFile: The system cannot find the path specified. (0x3)
[1014/233333.053:ERROR:process_reader_win.cc(127)] NtOpenThread: {Access Denied} A process has requested access to an object, but has not been granted those access rights. (0xc0000022)
[1014/233333.055:ERROR:exception_snapshot_win.cc(100)] thread ID 11004 not found in process
[1028/221432.756:ERROR:filesystem_win.cc(129)] GetFileAttributes C:\Users\HP\AppData\Local\Microsoft\Edge\User Data\Crashpad\attachments\1b32878d-9a6f-4e97-ba0f-ee77099cd648: The system cannot find the path specified. (0x3)
[1028/221432.784:ERROR:filesystem_win.cc(129)] GetFileAttributes C:\Users\HP\AppData\Local\Microsoft\Edge\User Data\Crashpad\attachments\57a2f752-4853-406a-9ae4-df0105490080: The system cannot find the path specified. (0x3)
[1028/221432.784:ERROR:directory_reader_win.cc(43)] FindFirstFile: The system cannot find the path specified. (0x3)
